Arguments: 
  C:\Program Files\nodejs\node.exe C:\Users\이모션\AppData\Roaming\npm\node_modules\yarn\bin\yarn.js

PATH: 
  D:\test\fm\node_modules\.bin;D:\test\node_modules\.bin;D:\node_modules\.bin;C:\Program Files\nodejs;C:\Users\이모션\bin;C:\Program Files\Git\mingw64\bin;C:\Program Files\Git\usr\local\bin;C:\Program Files\Git\usr\bin;C:\Program Files\Git\usr\bin;C:\Program Files\Git\mingw64\bin;C:\Program Files\Git\usr\bin;C:\Users\이모션\bin;C:\Program Files (x86)\Common Files\Oracle\Java\javapath;C:\Windows\system32;C:\Windows;C:\Windows\System32\Wbem;C:\Windows\System32\WindowsPowerShell\v1.0;C:\Windows\System32\OpenSSH;C:\Program Files (x86)\NVIDIA Corporation\PhysX\Common;C:\Program Files\Git\cmd;C:\Program Files\nodejs;C:\Program Files\PuTTY;C:\Users\이모션\AppData\Local\Microsoft\WindowsApps;C:\Users\이모션\AppData\Local\Programs\Microsoft VS Code\bin;C:\Users\이모션\AppData\Roaming\npm;C:\Program Files\Git\usr\bin\vendor_perl;C:\Program Files\Git\usr\bin\core_perl

Yarn version: 
  1.17.3

Node version: 
  10.15.3

Platform: 
  win32 x64

Trace: 
  Error: self signed certificate in certificate chain
      at TLSSocket.onConnectSecure (_tls_wrap.js:1051:34)
      at TLSSocket.emit (events.js:189:13)
      at TLSSocket._finishInit (_tls_wrap.js:633:8)

npm manifest: 
  {
    "name": "fm",
    "version": "0.1.0",
    "private": true,
    "devDependencies": {
      "@vue/cli-plugin-babel": "^3.10.0",
      "@vue/cli-plugin-eslint": "^3.10.0",
      "@vue/cli-service": "^3.10.0"
    }
  }

yarn manifest: 
  No manifest

Lockfile: 
  No lockfile
